[INFO ] 2025-01-27 13:28:36.583 [main] MyStoreV1 - verifyalreadyregistereduvser test execution started
[INFO ] 2025-01-27 13:28:38.033 [main] MyStoreV1 - clickon signlink
[INFO ] 2025-01-27 13:28:45.594 [main] MyStoreV1 - email entered
[INFO ] 2025-01-27 13:28:45.745 [main] MyStoreV1 - password entered
[INFO ] 2025-01-27 13:28:54.073 [main] MyStoreV1 - click on sign in btn
[INFO ] 2025-01-27 13:28:54.154 [main] MyStoreV1 - verify user
[INFO ] 2025-01-27 13:28:54.414 [main] MyStoreV1 - user verification fail
[INFO ] 2025-01-27 14:37:52.252 [main] MyStoreV1 - verifyalreadyregistereduvser test execution started
[INFO ] 2025-01-27 14:37:54.019 [main] MyStoreV1 - clickon signlink
[INFO ] 2025-01-27 14:38:01.575 [main] MyStoreV1 - email entered
[INFO ] 2025-01-27 14:38:01.729 [main] MyStoreV1 - password entered
[INFO ] 2025-01-27 14:38:10.601 [main] MyStoreV1 - click on sign in btn
[INFO ] 2025-01-27 14:38:10.659 [main] MyStoreV1 - verify user
[INFO ] 2025-01-27 14:38:10.863 [main] MyStoreV1 - user verification fail
[INFO ] 2025-01-27 14:53:16.990 [main] MyStoreV1 - verifyalreadyregistereduvser test execution started
[INFO ] 2025-01-27 14:53:18.892 [main] MyStoreV1 - clickon signlink
[INFO ] 2025-01-27 14:53:26.301 [main] MyStoreV1 - email entered
[INFO ] 2025-01-27 14:53:26.458 [main] MyStoreV1 - password entered
[INFO ] 2025-01-27 14:53:35.469 [main] MyStoreV1 - click on sign in btn
[INFO ] 2025-01-27 14:53:35.529 [main] MyStoreV1 - verify user
[INFO ] 2025-01-27 14:53:35.743 [main] MyStoreV1 - user verification fail
[INFO ] 2025-01-27 14:54:48.024 [main] MyStoreV1 - verifyalreadyregistereduvser test execution started
[INFO ] 2025-01-27 14:54:49.854 [main] MyStoreV1 - clickon signlink
[INFO ] 2025-01-27 14:54:57.360 [main] MyStoreV1 - email entered
[INFO ] 2025-01-27 14:54:57.514 [main] MyStoreV1 - password entered
[INFO ] 2025-01-27 14:55:10.927 [main] MyStoreV1 - click on sign in btn
[INFO ] 2025-01-27 14:55:10.992 [main] MyStoreV1 - verify user
[INFO ] 2025-01-27 14:55:11.234 [main] MyStoreV1 - user verification fail
[INFO ] 2025-01-28 08:37:18.563 [main] MyStoreV1 - verifyalreadyregistereduvser test execution started
[INFO ] 2025-01-28 08:37:19.907 [main] MyStoreV1 - clickon signlink
[INFO ] 2025-01-28 08:37:27.197 [main] MyStoreV1 - email entered
[INFO ] 2025-01-28 08:37:27.365 [main] MyStoreV1 - password entered
[INFO ] 2025-01-28 08:37:35.824 [main] MyStoreV1 - click on sign in btn
[INFO ] 2025-01-28 08:37:35.924 [main] MyStoreV1 - verify user
[INFO ] 2025-01-28 08:37:36.264 [main] MyStoreV1 - user verification fail
